<?xml version="1.0" encoding="UTF-8"?>
<testsuites name="denvergov.org_01" time="509.984" tests="29" failures="0" errors="0">
   <testsuite name="denvergov.org_01" tests="29" failures="0" errors="0" time="509.984" skipped="0" timestamp="2022-02-08 13:13:58" hostname="501788 - TSD7YXK6G3.denverco.gov" id="Test Suites/denvergov.org_01">
      <properties>
         <property name="deviceName" value=""/>
         <property name="devicePlatform" value=""/>
         <property name="logFolder" value="C:\\Users\\501788\\git\\Test_02_07_06\\Reports\\20220208_131347\\denvergov.org_01\\20220208_131347"/>
         <property name="logFiles" value="C:\\Users\\501788\\git\\Test_02_07_06\\Reports\\20220208_131347\\denvergov.org_01\\20220208_131347\\execution0.log"/>
         <property name="attachments" value=""/>
         <property name="hostName" value="501788 - TSD7YXK6G3.denverco.gov"/>
         <property name="os" value="Windows 10 64bit"/>
         <property name="katalonVersion" value="8.2.5.208"/>
         <property name="browser" value="Chrome 97.0.4692.99"/>
         <property name="hostAddress" value="172.20.20.20"/>
         <property name="sessionId" value="99bdb549314631cd5626f032782922ce"/>
         <property name="seleniumVersion" value="3.141.59"/>
         <property name="proxyInformation" value="ProxyInformation { proxyOption=NO_PROXY, proxyServerType=HTTP, username=, password=********, proxyServerAddress=, proxyServerPort=0, executionList=&quot;&quot;, isApplyToDesiredCapabilities=true }"/>
         <property name="platform" value="Windows 10"/>
      </properties>
      <testcase name="Test Cases/Building Permit Status" time="30.842" classname="Test Cases/Building Permit Status" status="PASSED">
         <system-out><![CDATA[2022-02-08 13:13:59 - [TEST_CASE][PASSED] - Test Cases/Building Permit Status: Test Cases/Building Permit Status

2022-02-08 13:13:59 - [TEST_STEP][PASSED] - openBrowser(""): Browser is opened with url: ''

2022-02-08 13:14:00 - [MESSAGE][INFO] - Starting 'Chrome' driver

2022-02-08 13:14:00 - [MESSAGE][INFO] - Action delay is set to 0 milliseconds

2022-02-08 13:14:06 - [MESSAGE][PASSED] - Browser is opened with url: ''

2022-02-08 13:14:06 - [TEST_STEP][PASSED] - navigateToUrl("https://www.denvergov.org/buildingpermitstatus"): Navigate to 'https://www.denvergov.org/buildingpermitstatus' successfully

2022-02-08 13:14:07 - [MESSAGE][PASSED] - Navigate to 'https://www.denvergov.org/buildingpermitstatus' successfully

2022-02-08 13:14:07 - [TEST_STEP][PASSED] - setText(findTestObject("Object Repository/Page_Building Permit Status/input_Enter your log number_txtBidSearch (2)"), "2017-LOG-0000920"): Text '2017-LOG-0000920' is set on object 'Object Repository/Page_Building Permit Status/input_Enter your log number_txtBidSearch (2)'

2022-02-08 13:14:08 - [MESSAGE][PASSED] - Text '2017-LOG-0000920' is set on object 'Object Repository/Page_Building Permit Status/input_Enter your log number_txtBidSearch (2)'

2022-02-08 13:14:08 - [TEST_STEP][PASSED] - click(findTestObject("Object Repository/Page_Building Permit Status/button_Search (2)")): Object: 'Object Repository/Page_Building Permit Status/button_Search (2)' is clicked on

2022-02-08 13:14:09 - [MESSAGE][PASSED] - Object: 'Object Repository/Page_Building Permit Status/button_Search (2)' is clicked on

2022-02-08 13:14:09 - [TEST_STEP][PASSED] - click(findTestObject("Object Repository/Page_Building Permit Status/span_Access Control Review")): Object: 'Object Repository/Page_Building Permit Status/span_Access Control Review' is clicked on

2022-02-08 13:14:09 - [MESSAGE][PASSED] - Object: 'Object Repository/Page_Building Permit Status/span_Access Control Review' is clicked on

2022-02-08 13:14:09 - [TEST_STEP][PASSED] - delay(20): Delayed 20 second(s)

2022-02-08 13:14:29 - [MESSAGE][PASSED] - Delayed 20 second(s)]]></system-out>
         <system-err><![CDATA[]]></system-err>
      </testcase>
      <testcase name="Test Cases/Campaign Finance" time="23.56" classname="Test Cases/Campaign Finance" status="PASSED">
         <system-out><![CDATA[2022-02-08 13:14:29 - [TEST_CASE][PASSED] - Test Cases/Campaign Finance: Test Cases/Campaign Finance

2022-02-08 13:14:30 - [TEST_STEP][PASSED] - navigateToUrl("https://www.denvergov.org/campaignfinancereport"): Navigate to 'https://www.denvergov.org/campaignfinancereport' successfully

2022-02-08 13:14:34 - [MESSAGE][PASSED] - Navigate to 'https://www.denvergov.org/campaignfinancereport' successfully

2022-02-08 13:14:34 - [TEST_STEP][PASSED] - click(findTestObject("Object Repository/Page_Login/a_Sign-in or Sign-up (2)")): Object: 'Object Repository/Page_Login/a_Sign-in or Sign-up (2)' is clicked on

2022-02-08 13:14:36 - [MESSAGE][PASSED] - Object: 'Object Repository/Page_Login/a_Sign-in or Sign-up (2)' is clicked on

2022-02-08 13:14:36 - [TEST_STEP][PASSED] - setText(findTestObject("Object Repository/Page_City and County of Denver - Sign up or_2a444f/input_Email address_Email address (1)"), "ryan.mcnamara@denvergov.org"): Text 'ryan.mcnamara@denvergov.org' is set on object 'Object Repository/Page_City and County of Denver - Sign up or_2a444f/input_Email address_Email address (1)'

2022-02-08 13:14:37 - [MESSAGE][PASSED] - Text 'ryan.mcnamara@denvergov.org' is set on object 'Object Repository/Page_City and County of Denver - Sign up or_2a444f/input_Email address_Email address (1)'

2022-02-08 13:14:37 - [TEST_STEP][PASSED] - setEncryptedText(findTestObject("Object Repository/Page_City and County of Denver - Sign up or_2a444f/input_Forgot your password_Password (1)"), "hFow20/Uu/pTsQ2nSo6UlA=="): Text ****** has been set on object 'Object Repository/Page_City and County of Denver - Sign up or_2a444f/input_Forgot your password_Password (1)'

2022-02-08 13:14:38 - [MESSAGE][PASSED] - Text ****** has been set on object 'Object Repository/Page_City and County of Denver - Sign up or_2a444f/input_Forgot your password_Password (1)'

2022-02-08 13:14:38 - [TEST_STEP][PASSED] - click(findTestObject("Object Repository/Page_City and County of Denver - Sign up or_2a444f/button_Sign in (1)")): Object: 'Object Repository/Page_City and County of Denver - Sign up or_2a444f/button_Sign in (1)' is clicked on

2022-02-08 13:14:38 - [MESSAGE][PASSED] - Object: 'Object Repository/Page_City and County of Denver - Sign up or_2a444f/button_Sign in (1)' is clicked on

2022-02-08 13:14:38 - [TEST_STEP][PASSED] - delay(15): Delayed 15 second(s)

2022-02-08 13:14:53 - [MESSAGE][PASSED] - Delayed 15 second(s)]]></system-out>
         <system-err><![CDATA[]]></system-err>
      </testcase>
      <testcase name="Test Cases/Citation Payment" time="9.687" classname="Test Cases/Citation Payment" status="PASSED">
         <system-out><![CDATA[2022-02-08 13:14:53 - [TEST_CASE][PASSED] - Test Cases/Citation Payment: Test Cases/Citation Payment

2022-02-08 13:14:54 - [TEST_STEP][PASSED] - navigateToUrl("https://www.denvergov.org/content/denvergov/en/denver-development-services/help-me-find-/inspections/common-code-violations/Pay-Neighborhood-Citation.html/"): Navigate to 'https://www.denvergov.org/content/denvergov/en/denver-development-services/help-me-find-/inspections/common-code-violations/Pay-Neighborhood-Citation.html/' successfully

2022-02-08 13:15:02 - [MESSAGE][PASSED] - Navigate to 'https://www.denvergov.org/content/denvergov/en/denver-development-services/help-me-find-/inspections/common-code-violations/Pay-Neighborhood-Citation.html/' successfully

2022-02-08 13:15:02 - [TEST_STEP][PASSED] - setText(findTestObject("Object Repository/Page_Neighborhood Inspections Citation Payment/input_Citation Number_record-number-lookup"), "2022"): Text '2022' is set on object 'Object Repository/Page_Neighborhood Inspections Citation Payment/input_Citation Number_record-number-lookup'

2022-02-08 13:15:02 - [MESSAGE][PASSED] - Text '2022' is set on object 'Object Repository/Page_Neighborhood Inspections Citation Payment/input_Citation Number_record-number-lookup'

2022-02-08 13:15:02 - [TEST_STEP][PASSED] - click(findTestObject("Object Repository/Page_Neighborhood Inspections Citation Payment/div_Verification  Search")): Object: 'Object Repository/Page_Neighborhood Inspections Citation Payment/div_Verification  Search' is clicked on

2022-02-08 13:15:03 - [MESSAGE][PASSED] - Object: 'Object Repository/Page_Neighborhood Inspections Citation Payment/div_Verification  Search' is clicked on]]></system-out>
         <system-err><![CDATA[]]></system-err>
      </testcase>
      <testcase name="Test Cases/City Attorney Directory" time="16.475" classname="Test Cases/City Attorney Directory" status="PASSED">
         <system-out><![CDATA[2022-02-08 13:15:03 - [TEST_CASE][PASSED] - Test Cases/City Attorney Directory: Test Cases/City Attorney Directory

2022-02-08 13:15:04 - [TEST_STEP][PASSED] - navigateToUrl("https://www.denvergov.org/cityattorneydirectory"): Navigate to 'https://www.denvergov.org/cityattorneydirectory' successfully

2022-02-08 13:15:06 - [MESSAGE][PASSED] - Navigate to 'https://www.denvergov.org/cityattorneydirectory' successfully

2022-02-08 13:15:06 - [TEST_STEP][PASSED] - setText(findTestObject("Object Repository/Page_Home Page/input_Search for attorneys by name. Filter _7eafe0 (1)"), "david"): Text 'david' is set on object 'Object Repository/Page_Home Page/input_Search for attorneys by name. Filter _7eafe0 (1)'

2022-02-08 13:15:08 - [MESSAGE][PASSED] - Text 'david' is set on object 'Object Repository/Page_Home Page/input_Search for attorneys by name. Filter _7eafe0 (1)'

2022-02-08 13:15:08 - [TEST_STEP][PASSED] - selectOptionByValue(findTestObject("Object Repository/Page_Home Page/select_All Practices4511700 Prosecution and_7e44f6 (1)"), "1", true): All options with value '1' are selected in object 'Object Repository/Page_Home Page/select_All Practices4511700 Prosecution and_7e44f6 (1)'  using regular expression

2022-02-08 13:15:09 - [MESSAGE][PASSED] - All options with value '1' are selected in object 'Object Repository/Page_Home Page/select_All Practices4511700 Prosecution and_7e44f6 (1)'  using regular expression

2022-02-08 13:15:09 - [TEST_STEP][PASSED] - delay(10): Delayed 10 second(s)

2022-02-08 13:15:19 - [MESSAGE][PASSED] - Delayed 10 second(s)]]></system-out>
         <system-err><![CDATA[]]></system-err>
      </testcase>
      <testcase name="Test Cases/City Council Appointment" time="13.988" classname="Test Cases/City Council Appointment" status="PASSED">
         <system-out><![CDATA[2022-02-08 13:15:19 - [TEST_CASE][PASSED] - Test Cases/City Council Appointment: Test Cases/City Council Appointment

2022-02-08 13:15:19 - [TEST_STEP][PASSED] - navigateToUrl("https://www.denvergov.org/content/denvergov/en/denver-city-council/council-members/district-1/city-council-appointment.html/schedule"): Navigate to 'https://www.denvergov.org/content/denvergov/en/denver-city-council/council-members/district-1/city-council-appointment.html/schedule' successfully

2022-02-08 13:15:21 - [MESSAGE][PASSED] - Navigate to 'https://www.denvergov.org/content/denvergov/en/denver-city-council/council-members/district-1/city-council-appointment.html/schedule' successfully

2022-02-08 13:15:21 - [TEST_STEP][PASSED] - click(findTestObject("Object Repository/Page_City Council Appointment/span_Council Members")): Object: 'Object Repository/Page_City Council Appointment/span_Council Members' is clicked on

2022-02-08 13:15:33 - [MESSAGE][PASSED] - Object: 'Object Repository/Page_City Council Appointment/span_Council Members' is clicked on]]></system-out>
         <system-err><![CDATA[]]></system-err>
      </testcase>
      <testcase name="Test Cases/Compost Signup" time="51.746" classname="Test Cases/Compost Signup" status="PASSED">
         <system-out><![CDATA[2022-02-08 13:15:33 - [TEST_CASE][PASSED] - Test Cases/Compost Signup: Test Cases/Compost Signup

2022-02-08 13:15:34 - [TEST_STEP][PASSED] - navigateToUrl("https://www.denvergov.org/Government/Agencies-Departments-Offices/Agencies-Departments-Offices-Directory/Recycle-Compost-Trash/Recycle-Compost-Trash-Schedules-and-Reminders"): Navigate to 'https://www.denvergov.org/Government/Agencies-Departments-Offices/Agencies-Departments-Offices-Directory/Recycle-Compost-Trash/Recycle-Compost-Trash-Schedules-and-Reminders' successfully

2022-02-08 13:15:37 - [MESSAGE][PASSED] - Navigate to 'https://www.denvergov.org/Government/Agencies-Departments-Offices/Agencies-Departments-Offices-Directory/Recycle-Compost-Trash/Recycle-Compost-Trash-Schedules-and-Reminders' successfully

2022-02-08 13:15:37 - [TEST_STEP][PASSED] - click(findTestObject("Object Repository/Page_Recycle, Compost, Trash Collection Sch_57d3d5/span_Missed Collections")): Object: 'Object Repository/Page_Recycle, Compost, Trash Collection Sch_57d3d5/span_Missed Collections' is clicked on

2022-02-08 13:15:38 - [MESSAGE][PASSED] - Object: 'Object Repository/Page_Recycle, Compost, Trash Collection Sch_57d3d5/span_Missed Collections' is clicked on

2022-02-08 13:15:38 - [TEST_STEP][PASSED] - delay(10): Delayed 10 second(s)

2022-02-08 13:15:48 - [MESSAGE][PASSED] - Delayed 10 second(s)

2022-02-08 13:15:48 - [TEST_STEP][PASSED] - click(findTestObject("Object Repository/Page_Recycle, Compost, Trash Collection Sch_57d3d5/span_Holidays")): Object: 'Object Repository/Page_Recycle, Compost, Trash Collection Sch_57d3d5/span_Holidays' is clicked on

2022-02-08 13:15:48 - [MESSAGE][PASSED] - Object: 'Object Repository/Page_Recycle, Compost, Trash Collection Sch_57d3d5/span_Holidays' is clicked on

2022-02-08 13:15:48 - [TEST_STEP][PASSED] - delay(10): Delayed 10 second(s)

2022-02-08 13:15:58 - [MESSAGE][PASSED] - Delayed 10 second(s)

2022-02-08 13:15:58 - [TEST_STEP][PASSED] - click(findTestObject("Object Repository/Page_Recycle, Compost, Trash Collection Sch_57d3d5/h4_Why are routes and schedules changing")): Object: 'Object Repository/Page_Recycle, Compost, Trash Collection Sch_57d3d5/h4_Why are routes and schedules changing' is clicked on

2022-02-08 13:15:59 - [MESSAGE][PASSED] - Object: 'Object Repository/Page_Recycle, Compost, Trash Collection Sch_57d3d5/h4_Why are routes and schedules changing' is clicked on

2022-02-08 13:15:59 - [TEST_STEP][PASSED] - delay(10): Delayed 10 second(s)

2022-02-08 13:16:09 - [MESSAGE][PASSED] - Delayed 10 second(s)

2022-02-08 13:16:09 - [TEST_STEP][PASSED] - click(findTestObject("Object Repository/Page_Recycle, Compost, Trash Collection Sch_57d3d5/h4_What is my Recycling week information")): Object: 'Object Repository/Page_Recycle, Compost, Trash Collection Sch_57d3d5/h4_What is my Recycling week information' is clicked on

2022-02-08 13:16:09 - [MESSAGE][PASSED] - Object: 'Object Repository/Page_Recycle, Compost, Trash Collection Sch_57d3d5/h4_What is my Recycling week information' is clicked on

2022-02-08 13:16:09 - [TEST_STEP][PASSED] - delay(10): Delayed 10 second(s)

2022-02-08 13:16:19 - [MESSAGE][PASSED] - Delayed 10 second(s)

2022-02-08 13:16:19 - [TEST_STEP][PASSED] - click(findTestObject("Object Repository/Page_Recycle, Compost, Trash Collection Sch_57d3d5/a_Denver Recycles")): Object: 'Object Repository/Page_Recycle, Compost, Trash Collection Sch_57d3d5/a_Denver Recycles' is clicked on

2022-02-08 13:16:25 - [MESSAGE][PASSED] - Object: 'Object Repository/Page_Recycle, Compost, Trash Collection Sch_57d3d5/a_Denver Recycles' is clicked on]]></system-out>
         <system-err><![CDATA[]]></system-err>
      </testcase>
      <testcase name="Test Cases/Council Bills" time="25.553" classname="Test Cases/Council Bills" status="PASSED">
         <system-out><![CDATA[2022-02-08 13:16:25 - [TEST_CASE][PASSED] - Test Cases/Council Bills: Test Cases/Council Bills

2022-02-08 13:16:26 - [TEST_STEP][PASSED] - navigateToUrl("https://www.denvergov.org/councilbills"): Navigate to 'https://www.denvergov.org/councilbills' successfully

2022-02-08 13:16:29 - [MESSAGE][PASSED] - Navigate to 'https://www.denvergov.org/councilbills' successfully

2022-02-08 13:16:29 - [TEST_STEP][PASSED] - setText(findTestObject("Object Repository/Page_Home  Application/input_Council Bill Number_billNumber"), "2001-0439"): Text '2001-0439' is set on object 'Object Repository/Page_Home  Application/input_Council Bill Number_billNumber'

2022-02-08 13:16:35 - [MESSAGE][PASSED] - Text '2001-0439' is set on object 'Object Repository/Page_Home  Application/input_Council Bill Number_billNumber'

2022-02-08 13:16:35 - [TEST_STEP][PASSED] - click(findTestObject("Object Repository/Page_Home  Application/button_Search")): Object: 'Object Repository/Page_Home  Application/button_Search' is clicked on

2022-02-08 13:16:35 - [MESSAGE][PASSED] - Object: 'Object Repository/Page_Home  Application/button_Search' is clicked on

2022-02-08 13:16:35 - [TEST_STEP][PASSED] - delay(15): Delayed 15 second(s)

2022-02-08 13:16:50 - [MESSAGE][PASSED] - Delayed 15 second(s)]]></system-out>
         <system-err><![CDATA[]]></system-err>
      </testcase>
      <testcase name="Test Cases/DIA Payments" time="21.149" classname="Test Cases/DIA Payments" status="PASSED">
         <system-out><![CDATA[2022-02-08 13:16:50 - [TEST_CASE][PASSED] - Test Cases/DIA Payments: Test Cases/DIA Payments

2022-02-08 13:16:51 - [TEST_STEP][PASSED] - navigateToUrl("https://www.denvergov.org/payments/dia/vendors"): Navigate to 'https://www.denvergov.org/payments/dia/vendors' successfully

2022-02-08 13:16:51 - [MESSAGE][PASSED] - Navigate to 'https://www.denvergov.org/payments/dia/vendors' successfully

2022-02-08 13:16:51 - [TEST_STEP][PASSED] - click(findTestObject("Object Repository/Page_DEN Payments/span_Pay by customer code")): Object: 'Object Repository/Page_DEN Payments/span_Pay by customer code' is clicked on

2022-02-08 13:16:52 - [MESSAGE][PASSED] - Object: 'Object Repository/Page_DEN Payments/span_Pay by customer code' is clicked on

2022-02-08 13:16:52 - [TEST_STEP][PASSED] - click(findTestObject("Object Repository/Page_DEN Payments/button_I accept")): Object: 'Object Repository/Page_DEN Payments/button_I accept' is clicked on

2022-02-08 13:16:54 - [MESSAGE][PASSED] - Object: 'Object Repository/Page_DEN Payments/button_I accept' is clicked on

2022-02-08 13:16:54 - [TEST_STEP][PASSED] - setText(findTestObject("Object Repository/Page_Item Details/input_Customer_ucPOSWebDisplayItem9804_1"), "12345"): Text '12345' is set on object 'Object Repository/Page_Item Details/input_Customer_ucPOSWebDisplayItem9804_1'

2022-02-08 13:16:54 - [MESSAGE][PASSED] - Text '12345' is set on object 'Object Repository/Page_Item Details/input_Customer_ucPOSWebDisplayItem9804_1'

2022-02-08 13:16:54 - [TEST_STEP][PASSED] - click(findTestObject("Object Repository/Page_Item Details/input_Customer_cmdNext")): Object: 'Object Repository/Page_Item Details/input_Customer_cmdNext' is clicked on

2022-02-08 13:17:02 - [MESSAGE][PASSED] - Object: 'Object Repository/Page_Item Details/input_Customer_cmdNext' is clicked on

2022-02-08 13:17:02 - [TEST_STEP][PASSED] - delay(10): Delayed 10 second(s)

2022-02-08 13:17:12 - [MESSAGE][PASSED] - Delayed 10 second(s)]]></system-out>
         <system-err><![CDATA[]]></system-err>
      </testcase>
      <testcase name="Test Cases/Election Archive" time="3.367" classname="Test Cases/Election Archive" status="PASSED">
         <system-out><![CDATA[2022-02-08 13:17:12 - [TEST_CASE][PASSED] - Test Cases/Election Archive: Test Cases/Election Archive

2022-02-08 13:17:12 - [TEST_STEP][PASSED] - navigateToUrl("https://www.denvergov.org/Government/Agencies-Departments-Offices/Agencies-Departments-Offices-Directory/Office-of-the-Clerk-and-Recorder/Elections-Division/Data-and-Maps"): Navigate to 'https://www.denvergov.org/Government/Agencies-Departments-Offices/Agencies-Departments-Offices-Directory/Office-of-the-Clerk-and-Recorder/Elections-Division/Data-and-Maps' successfully

2022-02-08 13:17:14 - [MESSAGE][PASSED] - Navigate to 'https://www.denvergov.org/Government/Agencies-Departments-Offices/Agencies-Departments-Offices-Directory/Office-of-the-Clerk-and-Recorder/Elections-Division/Data-and-Maps' successfully

2022-02-08 13:17:14 - [TEST_STEP][PASSED] - click(findTestObject("Object Repository/Page_Data and Maps - City and County of Denver/h4_2022 Precincts")): Object: 'Object Repository/Page_Data and Maps - City and County of Denver/h4_2022 Precincts' is clicked on

2022-02-08 13:17:14 - [MESSAGE][PASSED] - Object: 'Object Repository/Page_Data and Maps - City and County of Denver/h4_2022 Precincts' is clicked on

2022-02-08 13:17:14 - [TEST_STEP][PASSED] - switchToWindowTitle("Data and Maps - City and County of Denver"): Switched to window with title: 'Data and Maps - City and County of Denver'

2022-02-08 13:17:14 - [MESSAGE][PASSED] - Switched to window with title: 'Data and Maps - City and County of Denver'

2022-02-08 13:17:14 - [TEST_STEP][PASSED] - click(findTestObject("Object Repository/Page_Data and Maps - City and County of Denver/a_View interactive precincts map")): Object: 'Object Repository/Page_Data and Maps - City and County of Denver/a_View interactive precincts map' is clicked on

2022-02-08 13:17:15 - [MESSAGE][PASSED] - Object: 'Object Repository/Page_Data and Maps - City and County of Denver/a_View interactive precincts map' is clicked on]]></system-out>
         <system-err><![CDATA[]]></system-err>
      </testcase>
      <testcase name="Test Cases/Election Maps" time="30.126" classname="Test Cases/Election Maps" status="PASSED">
         <system-out><![CDATA[2022-02-08 13:17:15 - [TEST_CASE][PASSED] - Test Cases/Election Maps: Test Cases/Election Maps

2022-02-08 13:17:16 - [TEST_STEP][PASSED] - navigateToUrl("https://www.denvergov.org/Government/Agencies-Departments-Offices/Agencies-Departments-Offices-Directory/Office-of-the-Clerk-and-Recorder/Elections-Division/Data-and-Maps"): Navigate to 'https://www.denvergov.org/Government/Agencies-Departments-Offices/Agencies-Departments-Offices-Directory/Office-of-the-Clerk-and-Recorder/Elections-Division/Data-and-Maps' successfully

2022-02-08 13:17:20 - [MESSAGE][PASSED] - Navigate to 'https://www.denvergov.org/Government/Agencies-Departments-Offices/Agencies-Departments-Offices-Directory/Office-of-the-Clerk-and-Recorder/Elections-Division/Data-and-Maps' successfully

2022-02-08 13:17:20 - [TEST_STEP][PASSED] - click(findTestObject("Object Repository/Page_Data and Maps - City and County of Denver/h4_Results and Maps")): Object: 'Object Repository/Page_Data and Maps - City and County of Denver/h4_Results and Maps' is clicked on

2022-02-08 13:17:23 - [MESSAGE][PASSED] - Object: 'Object Repository/Page_Data and Maps - City and County of Denver/h4_Results and Maps' is clicked on

2022-02-08 13:17:23 - [TEST_STEP][PASSED] - delay(10): Delayed 10 second(s)

2022-02-08 13:17:33 - [MESSAGE][PASSED] - Delayed 10 second(s)

2022-02-08 13:17:33 - [TEST_STEP][PASSED] - click(findTestObject("Object Repository/Page_Data and Maps - City and County of Denver/a_2020 General Election")): Object: 'Object Repository/Page_Data and Maps - City and County of Denver/a_2020 General Election' is clicked on

2022-02-08 13:17:35 - [MESSAGE][PASSED] - Object: 'Object Repository/Page_Data and Maps - City and County of Denver/a_2020 General Election' is clicked on

2022-02-08 13:17:35 - [TEST_STEP][PASSED] - delay(10): Delayed 10 second(s)

2022-02-08 13:17:45 - [MESSAGE][PASSED] - Delayed 10 second(s)]]></system-out>
         <system-err><![CDATA[]]></system-err>
      </testcase>
      <testcase name="Test Cases/Election Results" time="97.992" classname="Test Cases/Election Results" status="PASSED">
         <system-out><![CDATA[2022-02-08 13:17:45 - [TEST_CASE][PASSED] - Test Cases/Election Results: Test Cases/Election Results

2022-02-08 13:17:46 - [TEST_STEP][PASSED] - navigateToUrl("https://www.denvergov.org/electionresults#/results/20211102"): Navigate to 'https://www.denvergov.org/electionresults#/results/20211102' successfully

2022-02-08 13:17:48 - [MESSAGE][PASSED] - Navigate to 'https://www.denvergov.org/electionresults#/results/20211102' successfully

2022-02-08 13:17:48 - [TEST_STEP][PASSED] - click(findTestObject("Object Repository/Page_Denver Election Results/button_Select an election")): Object: 'Object Repository/Page_Denver Election Results/button_Select an election' is clicked on

2022-02-08 13:17:57 - [MESSAGE][PASSED] - Object: 'Object Repository/Page_Denver Election Results/button_Select an election' is clicked on

2022-02-08 13:17:57 - [TEST_STEP][PASSED] - delay(15): Delayed 15 second(s)

2022-02-08 13:18:12 - [MESSAGE][PASSED] - Delayed 15 second(s)

2022-02-08 13:18:12 - [TEST_STEP][PASSED] - click(findTestObject("Object Repository/Page_Denver Election Results/a_Coordinated Election -November 2, 2021")): Object: 'Object Repository/Page_Denver Election Results/a_Coordinated Election -November 2, 2021' is clicked on

2022-02-08 13:18:14 - [MESSAGE][PASSED] - Object: 'Object Repository/Page_Denver Election Results/a_Coordinated Election -November 2, 2021' is clicked on

2022-02-08 13:18:14 - [TEST_STEP][PASSED] - delay(15): Delayed 15 second(s)

2022-02-08 13:18:29 - [MESSAGE][PASSED] - Delayed 15 second(s)

2022-02-08 13:18:29 - [TEST_STEP][PASSED] - click(findTestObject("Object Repository/Page_Denver Election Results/button_Select an election")): Object: 'Object Repository/Page_Denver Election Results/button_Select an election' is clicked on

2022-02-08 13:18:31 - [MESSAGE][PASSED] - Object: 'Object Repository/Page_Denver Election Results/button_Select an election' is clicked on

2022-02-08 13:18:31 - [TEST_STEP][PASSED] - delay(15): Delayed 15 second(s)

2022-02-08 13:18:46 - [MESSAGE][PASSED] - Delayed 15 second(s)

2022-02-08 13:18:46 - [TEST_STEP][PASSED] - click(findTestObject("Object Repository/Page_Denver Election Results/a_General Election -November 3, 2020")): Object: 'Object Repository/Page_Denver Election Results/a_General Election -November 3, 2020' is clicked on

2022-02-08 13:18:48 - [MESSAGE][PASSED] - Object: 'Object Repository/Page_Denver Election Results/a_General Election -November 3, 2020' is clicked on

2022-02-08 13:18:48 - [TEST_STEP][PASSED] - delay(15): Delayed 15 second(s)

2022-02-08 13:19:03 - [MESSAGE][PASSED] - Delayed 15 second(s)

2022-02-08 13:19:03 - [TEST_STEP][PASSED] - click(findTestObject("Object Repository/Page_Denver Election Results/button_Select an election")): Object: 'Object Repository/Page_Denver Election Results/button_Select an election' is clicked on

2022-02-08 13:19:05 - [MESSAGE][PASSED] - Object: 'Object Repository/Page_Denver Election Results/button_Select an election' is clicked on

2022-02-08 13:19:05 - [TEST_STEP][PASSED] - delay(15): Delayed 15 second(s)

2022-02-08 13:19:20 - [MESSAGE][PASSED] - Delayed 15 second(s)

2022-02-08 13:19:20 - [TEST_STEP][PASSED] - click(findTestObject("Object Repository/Page_Denver Election Results/a_Presidential Primary Election -March 3, 2020")): Object: 'Object Repository/Page_Denver Election Results/a_Presidential Primary Election -March 3, 2020' is clicked on

2022-02-08 13:19:22 - [MESSAGE][PASSED] - Object: 'Object Repository/Page_Denver Election Results/a_Presidential Primary Election -March 3, 2020' is clicked on

2022-02-08 13:19:22 - [TEST_STEP][PASSED] - closeBrowser(): Browser is closed

2022-02-08 13:19:23 - [MESSAGE][PASSED] - Browser is closed]]></system-out>
         <system-err><![CDATA[]]></system-err>
      </testcase>
      <testcase name="Test Cases/Homeless Property Storage" time="7.012" classname="Test Cases/Homeless Property Storage" status="PASSED">
         <system-out><![CDATA[2022-02-08 13:19:23 - [TEST_CASE][PASSED] - Test Cases/Homeless Property Storage: Test Cases/Homeless Property Storage

2022-02-08 13:19:23 - [TEST_STEP][PASSED] - openBrowser(""): Browser is opened with url: ''

2022-02-08 13:19:23 - [MESSAGE][INFO] - Starting 'Chrome' driver

2022-02-08 13:19:23 - [MESSAGE][INFO] - Action delay is set to 0 milliseconds

2022-02-08 13:19:25 - [MESSAGE][PASSED] - Browser is opened with url: ''

2022-02-08 13:19:25 - [TEST_STEP][PASSED] - navigateToUrl("https://www.denvergov.org/content/denvergov/en/housing-information/resident-resources/property-removal-and-storage.html"): Navigate to 'https://www.denvergov.org/content/denvergov/en/housing-information/resident-resources/property-removal-and-storage.html' successfully

2022-02-08 13:19:27 - [MESSAGE][PASSED] - Navigate to 'https://www.denvergov.org/content/denvergov/en/housing-information/resident-resources/property-removal-and-storage.html' successfully

2022-02-08 13:19:27 - [TEST_STEP][PASSED] - click(findTestObject("Object Repository/Page_Property Removal and Storage/div_Search")): Object: 'Object Repository/Page_Property Removal and Storage/div_Search' is clicked on

2022-02-08 13:19:30 - [MESSAGE][PASSED] - Object: 'Object Repository/Page_Property Removal and Storage/div_Search' is clicked on

2022-02-08 13:19:30 - [TEST_STEP][PASSED] - click(findTestObject("Object Repository/Page_Property Removal and Storage/div_Cherry Creek street level near Sunken Gardens")): Object: 'Object Repository/Page_Property Removal and Storage/div_Cherry Creek street level near Sunken Gardens' is clicked on

2022-02-08 13:19:30 - [MESSAGE][PASSED] - Object: 'Object Repository/Page_Property Removal and Storage/div_Cherry Creek street level near Sunken Gardens' is clicked on]]></system-out>
         <system-err><![CDATA[]]></system-err>
      </testcase>
      <testcase name="Test Cases/Inmate Search" time="5.276" classname="Test Cases/Inmate Search" status="PASSED">
         <system-out><![CDATA[2022-02-08 13:19:30 - [TEST_CASE][PASSED] - Test Cases/Inmate Search: Test Cases/Inmate Search

2022-02-08 13:19:31 - [TEST_STEP][PASSED] - navigateToUrl("https://denvergov.org/inmatesearch/"): Navigate to 'https://denvergov.org/inmatesearch/' successfully

2022-02-08 13:19:32 - [MESSAGE][PASSED] - Navigate to 'https://denvergov.org/inmatesearch/' successfully

2022-02-08 13:19:32 - [TEST_STEP][PASSED] - setText(findTestObject("Object Repository/Page_Inmate Search  City and County of Denver/input_Find the location of an inmate in Den_1e8108"), "smith"): Text 'smith' is set on object 'Object Repository/Page_Inmate Search  City and County of Denver/input_Find the location of an inmate in Den_1e8108'

2022-02-08 13:19:33 - [MESSAGE][PASSED] - Text 'smith' is set on object 'Object Repository/Page_Inmate Search  City and County of Denver/input_Find the location of an inmate in Den_1e8108'

2022-02-08 13:19:33 - [TEST_STEP][PASSED] - sendKeys(findTestObject("Object Repository/Page_Inmate Search  City and County of Denver/input_Find the location of an inmate in Den_1e8108"), Keys.chord(ENTER)): Keys 'ENTER + ' sent to object: 'Object Repository/Page_Inmate Search  City and County of Denver/input_Find the location of an inmate in Den_1e8108'

2022-02-08 13:19:34 - [MESSAGE][PASSED] - Keys 'ENTER + ' sent to object: 'Object Repository/Page_Inmate Search  City and County of Denver/input_Find the location of an inmate in Den_1e8108'

2022-02-08 13:19:34 - [TEST_STEP][PASSED] - click(findTestObject("Object Repository/Page_Inmate Search  City and County of Denver/div_All")): Object: 'Object Repository/Page_Inmate Search  City and County of Denver/div_All' is clicked on

2022-02-08 13:19:35 - [MESSAGE][PASSED] - Object: 'Object Repository/Page_Inmate Search  City and County of Denver/div_All' is clicked on

2022-02-08 13:19:35 - [TEST_STEP][PASSED] - click(findTestObject("Object Repository/Page_Inmate Search  City and County of Denver/span_County Jail")): Object: 'Object Repository/Page_Inmate Search  City and County of Denver/span_County Jail' is clicked on

2022-02-08 13:19:35 - [MESSAGE][PASSED] - Object: 'Object Repository/Page_Inmate Search  City and County of Denver/span_County Jail' is clicked on]]></system-out>
         <system-err><![CDATA[]]></system-err>
      </testcase>
      <testcase name="Test Cases/Land Survey Plat" time="41.508" classname="Test Cases/Land Survey Plat" status="PASSED">
         <system-out><![CDATA[2022-02-08 13:19:35 - [TEST_CASE][PASSED] - Test Cases/Land Survey Plat: Test Cases/Land Survey Plat

2022-02-08 13:19:36 - [TEST_STEP][PASSED] - navigateToUrl("https://www.denvergov.org/landsurveydata/search"): Navigate to 'https://www.denvergov.org/landsurveydata/search' successfully

2022-02-08 13:19:38 - [MESSAGE][PASSED] - Navigate to 'https://www.denvergov.org/landsurveydata/search' successfully

2022-02-08 13:19:38 - [TEST_STEP][PASSED] - setText(findTestObject("Object Repository/Page_Public Works Survey Data Tool/input_Plat Category_mat-input-1"), "test"): Text 'test' is set on object 'Object Repository/Page_Public Works Survey Data Tool/input_Plat Category_mat-input-1'

2022-02-08 13:19:39 - [MESSAGE][PASSED] - Text 'test' is set on object 'Object Repository/Page_Public Works Survey Data Tool/input_Plat Category_mat-input-1'

2022-02-08 13:19:39 - [TEST_STEP][PASSED] - click(findTestObject("Object Repository/Page_Public Works Survey Data Tool/div_SubdivisionPlat CategoryLegal Descripti_ef3a89")): Object: 'Object Repository/Page_Public Works Survey Data Tool/div_SubdivisionPlat CategoryLegal Descripti_ef3a89' is clicked on

2022-02-08 13:19:40 - [MESSAGE][PASSED] - Object: 'Object Repository/Page_Public Works Survey Data Tool/div_SubdivisionPlat CategoryLegal Descripti_ef3a89' is clicked on

2022-02-08 13:19:40 - [TEST_STEP][PASSED] - click(findTestObject("Object Repository/Page_Public Works Survey Data Tool/span_")): Object: 'Object Repository/Page_Public Works Survey Data Tool/span_' is clicked on

2022-02-08 13:19:40 - [MESSAGE][PASSED] - Object: 'Object Repository/Page_Public Works Survey Data Tool/span_' is clicked on

2022-02-08 13:19:40 - [TEST_STEP][PASSED] - click(findTestObject("Object Repository/Page_Public Works Survey Data Tool/span_NE")): Object: 'Object Repository/Page_Public Works Survey Data Tool/span_NE' is clicked on

2022-02-08 13:19:41 - [MESSAGE][PASSED] - Object: 'Object Repository/Page_Public Works Survey Data Tool/span_NE' is clicked on

2022-02-08 13:19:41 - [TEST_STEP][PASSED] - click(findTestObject("Object Repository/Page_Public Works Survey Data Tool/input_Quarter_mat-input-2")): Object: 'Object Repository/Page_Public Works Survey Data Tool/input_Quarter_mat-input-2' is clicked on

2022-02-08 13:19:42 - [MESSAGE][PASSED] - Object: 'Object Repository/Page_Public Works Survey Data Tool/input_Quarter_mat-input-2' is clicked on

2022-02-08 13:19:42 - [TEST_STEP][PASSED] - click(findTestObject("Object Repository/Page_Public Works Survey Data Tool/span_1")): Object: 'Object Repository/Page_Public Works Survey Data Tool/span_1' is clicked on

2022-02-08 13:19:42 - [MESSAGE][PASSED] - Object: 'Object Repository/Page_Public Works Survey Data Tool/span_1' is clicked on

2022-02-08 13:19:42 - [TEST_STEP][PASSED] - click(findTestObject("Object Repository/Page_Public Works Survey Data Tool/div_Township")): Object: 'Object Repository/Page_Public Works Survey Data Tool/div_Township' is clicked on

2022-02-08 13:19:43 - [MESSAGE][PASSED] - Object: 'Object Repository/Page_Public Works Survey Data Tool/div_Township' is clicked on

2022-02-08 13:19:43 - [TEST_STEP][PASSED] - click(findTestObject("Object Repository/Page_Public Works Survey Data Tool/span_1")): Object: 'Object Repository/Page_Public Works Survey Data Tool/span_1' is clicked on

2022-02-08 13:20:14 - [MESSAGE][INFO] - Unable to find the element located by 'By.xpath: //mat-option[@id='mat-option-11']/span'. Please recheck the objects properties to make sure the desired element is located. 

2022-02-08 13:20:14 - [MESSAGE][WARNING] - [SELF-HEALING] Failed to find element with id 'Object Repository/Page_Public Works Survey Data Tool/span_1'. Try using Self-healing.

2022-02-08 13:20:14 - [MESSAGE][INFO] - [SELF-HEALING] Failed Locator: '//mat-option[@id='mat-option-11']/span'.

2022-02-08 13:20:15 - [MESSAGE][INFO] - [SELF-HEALING] Failed Locator: '(.//*[normalize-space(text()) and normalize-space(.)=concat('id(', '"', 'mat-option-11', '"', ')/span[@class=', '"', 'mat-option-text', '"', ']')])[1]/following::span[1]'.

2022-02-08 13:20:15 - [MESSAGE][INFO] - [SELF-HEALING] Working Locator: '(.//*[normalize-space(text()) and normalize-space(.)='Next page'])[1]/following::span[1]'.

2022-02-08 13:20:15 - [MESSAGE][INFO] - [SELF-HEALING] Screenshot: C:/Users/501788/git/Test_02_07_06/Reports/Self-healing/Object Repository/Page_Public Works Survey Data Tool/span_1_neighbor.png

2022-02-08 13:20:15 - [MESSAGE][WARNING] - [SELF-HEALING] The current locator of test object 'Object Repository/Page_Public Works Survey Data Tool/span_1' was broken. Propose an alternative one: '(.//*[normalize-space(text()) and normalize-space(.)='Next page'])[1]/following::span[1]'.

2022-02-08 13:20:16 - [MESSAGE][PASSED] - Object: 'Object Repository/Page_Public Works Survey Data Tool/span_1' is clicked on

2022-02-08 13:20:16 - [TEST_STEP][PASSED] - click(findTestObject("Object Repository/Page_Public Works Survey Data Tool/div_Range")): Object: 'Object Repository/Page_Public Works Survey Data Tool/div_Range' is clicked on

2022-02-08 13:20:16 - [MESSAGE][PASSED] - Object: 'Object Repository/Page_Public Works Survey Data Tool/div_Range' is clicked on

2022-02-08 13:20:16 - [TEST_STEP][PASSED] - click(findTestObject("Object Repository/Page_Public Works Survey Data Tool/span_61")): Object: 'Object Repository/Page_Public Works Survey Data Tool/span_61' is clicked on

2022-02-08 13:20:16 - [MESSAGE][PASSED] - Object: 'Object Repository/Page_Public Works Survey Data Tool/span_61' is clicked on

2022-02-08 13:20:16 - [TEST_STEP][PASSED] - click(findTestObject("Object Repository/Page_Public Works Survey Data Tool/span_Search")): Object: 'Object Repository/Page_Public Works Survey Data Tool/span_Search' is clicked on

2022-02-08 13:20:17 - [MESSAGE][PASSED] - Object: 'Object Repository/Page_Public Works Survey Data Tool/span_Search' is clicked on]]></system-out>
         <system-err><![CDATA[]]></system-err>
      </testcase>
      <testcase name="Test Cases/License Hearings List" time="8.139" classname="Test Cases/License Hearings List" status="PASSED">
         <system-out><![CDATA[2022-02-08 13:20:17 - [TEST_CASE][PASSED] - Test Cases/License Hearings List: Test Cases/License Hearings List

2022-02-08 13:20:17 - [TEST_STEP][PASSED] - navigateToUrl("https://www.denvergov.org/licensehearings"): Navigate to 'https://www.denvergov.org/licensehearings' successfully

2022-02-08 13:20:19 - [MESSAGE][PASSED] - Navigate to 'https://www.denvergov.org/licensehearings' successfully

2022-02-08 13:20:19 - [TEST_STEP][PASSED] - click(findTestObject("Object Repository/Page_E  L Public Hearing Schedule/a_Marijuana License Hearings")): Object: 'Object Repository/Page_E  L Public Hearing Schedule/a_Marijuana License Hearings' is clicked on

2022-02-08 13:20:20 - [MESSAGE][PASSED] - Object: 'Object Repository/Page_E  L Public Hearing Schedule/a_Marijuana License Hearings' is clicked on

2022-02-08 13:20:20 - [TEST_STEP][PASSED] - click(findTestObject("Object Repository/Page_E  L Public Hearing Schedule/a_Liquor License Hearings")): Object: 'Object Repository/Page_E  L Public Hearing Schedule/a_Liquor License Hearings' is clicked on

2022-02-08 13:20:24 - [MESSAGE][PASSED] - Object: 'Object Repository/Page_E  L Public Hearing Schedule/a_Liquor License Hearings' is clicked on

2022-02-08 13:20:24 - [TEST_STEP][PASSED] - setText(findTestObject("Object Repository/Page_E  L Public Hearing Schedule/input_A to Z_q"), "american legion"): Text 'american legion' is set on object 'Object Repository/Page_E  L Public Hearing Schedule/input_A to Z_q'

2022-02-08 13:20:25 - [MESSAGE][PASSED] - Text 'american legion' is set on object 'Object Repository/Page_E  L Public Hearing Schedule/input_A to Z_q']]></system-out>
         <system-err><![CDATA[]]></system-err>
      </testcase>
      <testcase name="Test Cases/Open Checkbook" time="26.141" classname="Test Cases/Open Checkbook" status="PASSED">
         <system-out><![CDATA[2022-02-08 13:20:25 - [TEST_CASE][PASSED] - Test Cases/Open Checkbook: Test Cases/Open Checkbook

2022-02-08 13:20:26 - [TEST_STEP][PASSED] - navigateToUrl("https://www.denvergov.org/transparency/checkbook#/home?year=2022"): Navigate to 'https://www.denvergov.org/transparency/checkbook#/home?year=2022' successfully

2022-02-08 13:20:30 - [MESSAGE][PASSED] - Navigate to 'https://www.denvergov.org/transparency/checkbook#/home?year=2022' successfully

2022-02-08 13:20:30 - [TEST_STEP][PASSED] - setText(findTestObject("Object Repository/Page_Denvers Online Checkbook  City and Cou_85d4c7/input_Filter by Year_form-control"), "Denver"): Text 'Denver' is set on object 'Object Repository/Page_Denvers Online Checkbook  City and Cou_85d4c7/input_Filter by Year_form-control'

2022-02-08 13:20:39 - [MESSAGE][PASSED] - Text 'Denver' is set on object 'Object Repository/Page_Denvers Online Checkbook  City and Cou_85d4c7/input_Filter by Year_form-control'

2022-02-08 13:20:39 - [TEST_STEP][PASSED] - click(findTestObject("Object Repository/Page_Denvers Online Checkbook  City and Cou_85d4c7/div_Search")): Object: 'Object Repository/Page_Denvers Online Checkbook  City and Cou_85d4c7/div_Search' is clicked on

2022-02-08 13:20:39 - [MESSAGE][PASSED] - Object: 'Object Repository/Page_Denvers Online Checkbook  City and Cou_85d4c7/div_Search' is clicked on

2022-02-08 13:20:39 - [TEST_STEP][PASSED] - click(findTestObject("Object Repository/Page_Denvers Online Checkbook  City and Cou_85d4c7/a_VISIT DENVER")): Object: 'Object Repository/Page_Denvers Online Checkbook  City and Cou_85d4c7/a_VISIT DENVER' is clicked on

2022-02-08 13:20:41 - [MESSAGE][PASSED] - Object: 'Object Repository/Page_Denvers Online Checkbook  City and Cou_85d4c7/a_VISIT DENVER' is clicked on

2022-02-08 13:20:41 - [TEST_STEP][PASSED] - delay(10): Delayed 10 second(s)

2022-02-08 13:20:51 - [MESSAGE][PASSED] - Delayed 10 second(s)]]></system-out>
         <system-err><![CDATA[]]></system-err>
      </testcase>
      <testcase name="Test Cases/Open Data Catalogue" time="5.585" classname="Test Cases/Open Data Catalogue" status="PASSED">
         <system-out><![CDATA[2022-02-08 13:20:51 - [TEST_CASE][PASSED] - Test Cases/Open Data Catalogue: Test Cases/Open Data Catalogue

2022-02-08 13:20:52 - [TEST_STEP][PASSED] - openBrowser(""): Browser is opened with url: ''

2022-02-08 13:20:52 - [MESSAGE][WARNING] - A browser is already opened. Closing browser and opening a new one

2022-02-08 13:20:52 - [MESSAGE][INFO] - Starting 'Chrome' driver

2022-02-08 13:20:52 - [MESSAGE][INFO] - Action delay is set to 0 milliseconds

2022-02-08 13:20:54 - [MESSAGE][PASSED] - Browser is opened with url: ''

2022-02-08 13:20:54 - [TEST_STEP][PASSED] - navigateToUrl("https://www.denvergov.org/opendata"): Navigate to 'https://www.denvergov.org/opendata' successfully

2022-02-08 13:20:56 - [MESSAGE][PASSED] - Navigate to 'https://www.denvergov.org/opendata' successfully

2022-02-08 13:20:56 - [TEST_STEP][PASSED] - click(findTestObject("Object Repository/Page_Denver Open Data Catalog/p_NOTICEAs of February 2019, Procurement an_e4a9cb")): Object: 'Object Repository/Page_Denver Open Data Catalog/p_NOTICEAs of February 2019, Procurement an_e4a9cb' is clicked on

2022-02-08 13:20:56 - [MESSAGE][PASSED] - Object: 'Object Repository/Page_Denver Open Data Catalog/p_NOTICEAs of February 2019, Procurement an_e4a9cb' is clicked on

2022-02-08 13:20:56 - [TEST_STEP][PASSED] - closeBrowser(): Browser is closed

2022-02-08 13:20:57 - [MESSAGE][PASSED] - Browser is closed]]></system-out>
         <system-err><![CDATA[]]></system-err>
      </testcase>
      <testcase name="Test Cases/Planned Building Groups" time="6.199" classname="Test Cases/Planned Building Groups" status="PASSED">
         <system-out><![CDATA[2022-02-08 13:20:57 - [TEST_CASE][PASSED] - Test Cases/Planned Building Groups: Test Cases/Planned Building Groups

2022-02-08 13:20:57 - [TEST_STEP][PASSED] - openBrowser(""): Browser is opened with url: ''

2022-02-08 13:20:57 - [MESSAGE][INFO] - Starting 'Chrome' driver

2022-02-08 13:20:57 - [MESSAGE][INFO] - Action delay is set to 0 milliseconds

2022-02-08 13:20:59 - [MESSAGE][PASSED] - Browser is opened with url: ''

2022-02-08 13:20:59 - [TEST_STEP][PASSED] - navigateToUrl("https://www.denvergov.org/plannedbuildinggroups"): Navigate to 'https://www.denvergov.org/plannedbuildinggroups' successfully

2022-02-08 13:21:01 - [MESSAGE][PASSED] - Navigate to 'https://www.denvergov.org/plannedbuildinggroups' successfully

2022-02-08 13:21:01 - [TEST_STEP][PASSED] - setText(findTestObject("Object Repository/Page_Search for Planned Building Groups in Denver/input_Project Name_SubName (1)"), "Ryan"): Text 'Ryan' is set on object 'Object Repository/Page_Search for Planned Building Groups in Denver/input_Project Name_SubName (1)'

2022-02-08 13:21:02 - [MESSAGE][PASSED] - Text 'Ryan' is set on object 'Object Repository/Page_Search for Planned Building Groups in Denver/input_Project Name_SubName (1)'

2022-02-08 13:21:02 - [TEST_STEP][PASSED] - setText(findTestObject("Object Repository/Page_Search for Planned Building Groups in Denver/input_Clerk  Recorder Number_CrNum"), "Test"): Text 'Test' is set on object 'Object Repository/Page_Search for Planned Building Groups in Denver/input_Clerk  Recorder Number_CrNum'

2022-02-08 13:21:03 - [MESSAGE][PASSED] - Text 'Test' is set on object 'Object Repository/Page_Search for Planned Building Groups in Denver/input_Clerk  Recorder Number_CrNum']]></system-out>
         <system-err><![CDATA[]]></system-err>
      </testcase>
      <testcase name="Test Cases/Police Records" time="4.943" classname="Test Cases/Police Records" status="PASSED">
         <system-out><![CDATA[2022-02-08 13:21:03 - [TEST_CASE][PASSED] - Test Cases/Police Records: Test Cases/Police Records

2022-02-08 13:21:04 - [TEST_STEP][PASSED] - navigateToUrl("https://www.denvergov.org/content/denvergov/en/police-department/records/request-records-online.html"): Navigate to 'https://www.denvergov.org/content/denvergov/en/police-department/records/request-records-online.html' successfully

2022-02-08 13:21:05 - [MESSAGE][PASSED] - Navigate to 'https://www.denvergov.org/content/denvergov/en/police-department/records/request-records-online.html' successfully

2022-02-08 13:21:05 - [TEST_STEP][PASSED] - setText(findTestObject("Object Repository/Page_Police Department - Request Records On_fbf425/input__firstName (2)"), "Ryan"): Text 'Ryan' is set on object 'Object Repository/Page_Police Department - Request Records On_fbf425/input__firstName (2)'

2022-02-08 13:21:07 - [MESSAGE][PASSED] - Text 'Ryan' is set on object 'Object Repository/Page_Police Department - Request Records On_fbf425/input__firstName (2)'

2022-02-08 13:21:07 - [TEST_STEP][PASSED] - setText(findTestObject("Object Repository/Page_Police Department - Request Records On_fbf425/input_Last Name_lastName"), "Smith"): Text 'Smith' is set on object 'Object Repository/Page_Police Department - Request Records On_fbf425/input_Last Name_lastName'

2022-02-08 13:21:08 - [MESSAGE][PASSED] - Text 'Smith' is set on object 'Object Repository/Page_Police Department - Request Records On_fbf425/input_Last Name_lastName']]></system-out>
         <system-err><![CDATA[]]></system-err>
      </testcase>
      <testcase name="Test Cases/Property" time="8.544" classname="Test Cases/Property" status="PASSED">
         <system-out><![CDATA[2022-02-08 13:21:08 - [TEST_CASE][PASSED] - Test Cases/Property: Test Cases/Property

2022-02-08 13:21:09 - [TEST_STEP][PASSED] - navigateToUrl("https://www.denvergov.org/property"): Navigate to 'https://www.denvergov.org/property' successfully

2022-02-08 13:21:13 - [MESSAGE][PASSED] - Navigate to 'https://www.denvergov.org/property' successfully

2022-02-08 13:21:13 - [TEST_STEP][PASSED] - click(findTestObject("Object Repository/Page_Denver Property Taxation and Assessmen_23b5ee/input_Business Personal Property_searchType")): Object: 'Object Repository/Page_Denver Property Taxation and Assessmen_23b5ee/input_Business Personal Property_searchType' is clicked on

2022-02-08 13:21:14 - [MESSAGE][PASSED] - Object: 'Object Repository/Page_Denver Property Taxation and Assessmen_23b5ee/input_Business Personal Property_searchType' is clicked on

2022-02-08 13:21:14 - [TEST_STEP][PASSED] - click(findTestObject("Object Repository/Page_Denver Property Taxation and Assessmen_23b5ee/input_Real Estate_searchType")): Object: 'Object Repository/Page_Denver Property Taxation and Assessmen_23b5ee/input_Real Estate_searchType' is clicked on

2022-02-08 13:21:14 - [MESSAGE][PASSED] - Object: 'Object Repository/Page_Denver Property Taxation and Assessmen_23b5ee/input_Real Estate_searchType' is clicked on

2022-02-08 13:21:14 - [TEST_STEP][PASSED] - click(findTestObject("Object Repository/Page_Denver Property Taxation and Assessmen_23b5ee/a_Advanced Search")): Object: 'Object Repository/Page_Denver Property Taxation and Assessmen_23b5ee/a_Advanced Search' is clicked on

2022-02-08 13:21:15 - [MESSAGE][PASSED] - Object: 'Object Repository/Page_Denver Property Taxation and Assessmen_23b5ee/a_Advanced Search' is clicked on

2022-02-08 13:21:15 - [TEST_STEP][PASSED] - setText(findTestObject("Object Repository/Page_Denver Property Taxation and Assessmen_23b5ee/input_Note_search"), "740 Clarkson"): Text '740 Clarkson' is set on object 'Object Repository/Page_Denver Property Taxation and Assessmen_23b5ee/input_Note_search'

2022-02-08 13:21:16 - [MESSAGE][PASSED] - Text '740 Clarkson' is set on object 'Object Repository/Page_Denver Property Taxation and Assessmen_23b5ee/input_Note_search'

2022-02-08 13:21:16 - [TEST_STEP][PASSED] - click(findTestObject("Object Repository/Page_Denver Property Taxation and Assessmen_23b5ee/button_Search")): Object: 'Object Repository/Page_Denver Property Taxation and Assessmen_23b5ee/button_Search' is clicked on

2022-02-08 13:21:17 - [MESSAGE][PASSED] - Object: 'Object Repository/Page_Denver Property Taxation and Assessmen_23b5ee/button_Search' is clicked on]]></system-out>
         <system-err><![CDATA[]]></system-err>
      </testcase>
      <testcase name="Test Cases/Real Estate Property" time="1.82" classname="Test Cases/Real Estate Property" status="PASSED">
         <system-out><![CDATA[2022-02-08 13:21:17 - [TEST_CASE][PASSED] - Test Cases/Real Estate Property: Test Cases/Real Estate Property

2022-02-08 13:21:17 - [TEST_STEP][PASSED] - navigateToUrl("https://www.denvergov.org/content/denvergov/en/denver-department-of-finance/our-divisions/assessor/real-property/alternative-search.html"): Navigate to 'https://www.denvergov.org/content/denvergov/en/denver-department-of-finance/our-divisions/assessor/real-property/alternative-search.html' successfully

2022-02-08 13:21:18 - [MESSAGE][PASSED] - Navigate to 'https://www.denvergov.org/content/denvergov/en/denver-department-of-finance/our-divisions/assessor/real-property/alternative-search.html' successfully]]></system-out>
         <system-err><![CDATA[]]></system-err>
      </testcase>
      <testcase name="Test Cases/Recycling Requests" time="11.21" classname="Test Cases/Recycling Requests" status="PASSED">
         <system-out><![CDATA[2022-02-08 13:21:18 - [TEST_CASE][PASSED] - Test Cases/Recycling Requests: Test Cases/Recycling Requests

2022-02-08 13:21:19 - [TEST_STEP][PASSED] - navigateToUrl("https://www.denvergov.org/Government/Agencies-Departments-Offices/Agencies-Departments-Offices-Directory/Recycle-Compost-Trash/Recycle-Compost-Trash-Schedules-and-Reminders"): Navigate to 'https://www.denvergov.org/Government/Agencies-Departments-Offices/Agencies-Departments-Offices-Directory/Recycle-Compost-Trash/Recycle-Compost-Trash-Schedules-and-Reminders' successfully

2022-02-08 13:21:25 - [MESSAGE][PASSED] - Navigate to 'https://www.denvergov.org/Government/Agencies-Departments-Offices/Agencies-Departments-Offices-Directory/Recycle-Compost-Trash/Recycle-Compost-Trash-Schedules-and-Reminders' successfully

2022-02-08 13:21:25 - [TEST_STEP][PASSED] - click(findTestObject("Object Repository/Page_Recycle, Compost, Trash Collection Sch_57d3d5/a_Trash Service")): Object: 'Object Repository/Page_Recycle, Compost, Trash Collection Sch_57d3d5/a_Trash Service' is clicked on

2022-02-08 13:21:28 - [MESSAGE][PASSED] - Object: 'Object Repository/Page_Recycle, Compost, Trash Collection Sch_57d3d5/a_Trash Service' is clicked on

2022-02-08 13:21:28 - [TEST_STEP][PASSED] - click(findTestObject("Object Repository/Page_Trash - City and County of Denver/a_Extra Trash Collection")): Object: 'Object Repository/Page_Trash - City and County of Denver/a_Extra Trash Collection' is clicked on

2022-02-08 13:21:29 - [MESSAGE][PASSED] - Object: 'Object Repository/Page_Trash - City and County of Denver/a_Extra Trash Collection' is clicked on

2022-02-08 13:21:29 - [TEST_STEP][PASSED] - click(findTestObject("Object Repository/Page_Trash - City and County of Denver/h5_Mattresses and box springs")): Object: 'Object Repository/Page_Trash - City and County of Denver/h5_Mattresses and box springs' is clicked on

2022-02-08 13:21:30 - [MESSAGE][PASSED] - Object: 'Object Repository/Page_Trash - City and County of Denver/h5_Mattresses and box springs' is clicked on]]></system-out>
         <system-err><![CDATA[]]></system-err>
      </testcase>
      <testcase name="Test Cases/Restaraunt Inspections" time="4.359" classname="Test Cases/Restaraunt Inspections" status="PASSED">
         <system-out><![CDATA[2022-02-08 13:21:30 - [TEST_CASE][PASSED] - Test Cases/Restaraunt Inspections: Test Cases/Restaraunt Inspections

2022-02-08 13:21:31 - [TEST_STEP][PASSED] - navigateToUrl("https://www.denvergov.org/restaurantinspections/"): Navigate to 'https://www.denvergov.org/restaurantinspections/' successfully

2022-02-08 13:21:33 - [MESSAGE][PASSED] - Navigate to 'https://www.denvergov.org/restaurantinspections/' successfully

2022-02-08 13:21:33 - [TEST_STEP][PASSED] - click(findTestObject("Object Repository/Page_Restaurant Health Inspection Search/small_Critical Violations")): Object: 'Object Repository/Page_Restaurant Health Inspection Search/small_Critical Violations' is clicked on

2022-02-08 13:21:33 - [MESSAGE][PASSED] - Object: 'Object Repository/Page_Restaurant Health Inspection Search/small_Critical Violations' is clicked on

2022-02-08 13:21:33 - [TEST_STEP][PASSED] - click(findTestObject("Object Repository/Page_Restaurant Health Inspection Search/small_Non-critical Violations")): Object: 'Object Repository/Page_Restaurant Health Inspection Search/small_Non-critical Violations' is clicked on

2022-02-08 13:21:34 - [MESSAGE][PASSED] - Object: 'Object Repository/Page_Restaurant Health Inspection Search/small_Non-critical Violations' is clicked on]]></system-out>
         <system-err><![CDATA[]]></system-err>
      </testcase>
      <testcase name="Test Cases/Subdivision Survey" time="6.406" classname="Test Cases/Subdivision Survey" status="PASSED">
         <system-out><![CDATA[2022-02-08 13:21:34 - [TEST_CASE][PASSED] - Test Cases/Subdivision Survey: Test Cases/Subdivision Survey

2022-02-08 13:21:35 - [TEST_STEP][PASSED] - navigateToUrl("https://www.denvergov.org/subdivisionsurveys/"): Navigate to 'https://www.denvergov.org/subdivisionsurveys/' successfully

2022-02-08 13:21:38 - [MESSAGE][PASSED] - Navigate to 'https://www.denvergov.org/subdivisionsurveys/' successfully

2022-02-08 13:21:38 - [TEST_STEP][PASSED] - setText(findTestObject("Object Repository/Page_Search for Subdivision Plats in Denver/input_Subdivision Name_SubName"), "Bonnie Brae"): Text 'Bonnie Brae' is set on object 'Object Repository/Page_Search for Subdivision Plats in Denver/input_Subdivision Name_SubName'

2022-02-08 13:21:39 - [MESSAGE][PASSED] - Text 'Bonnie Brae' is set on object 'Object Repository/Page_Search for Subdivision Plats in Denver/input_Subdivision Name_SubName'

2022-02-08 13:21:39 - [TEST_STEP][PASSED] - click(findTestObject("Object Repository/Page_Search for Subdivision Plats in Denver/button_Search")): Object: 'Object Repository/Page_Search for Subdivision Plats in Denver/button_Search' is clicked on

2022-02-08 13:21:40 - [MESSAGE][PASSED] - Object: 'Object Repository/Page_Search for Subdivision Plats in Denver/button_Search' is clicked on]]></system-out>
         <system-err><![CDATA[]]></system-err>
      </testcase>
      <testcase name="Test Cases/Tie Book Search" time="3.845" classname="Test Cases/Tie Book Search" status="PASSED">
         <system-out><![CDATA[2022-02-08 13:21:40 - [TEST_CASE][PASSED] - Test Cases/Tie Book Search: Test Cases/Tie Book Search

2022-02-08 13:21:41 - [TEST_STEP][PASSED] - navigateToUrl("https://www.denvergov.org/tiebooksearch"): Navigate to 'https://www.denvergov.org/tiebooksearch' successfully

2022-02-08 13:21:42 - [MESSAGE][PASSED] - Navigate to 'https://www.denvergov.org/tiebooksearch' successfully

2022-02-08 13:21:42 - [TEST_STEP][PASSED] - setText(findTestObject("Object Repository/Page_Tie Book Search/input_NorthSouth Street Name_northsouth"), "Clarkson"): Text 'Clarkson' is set on object 'Object Repository/Page_Tie Book Search/input_NorthSouth Street Name_northsouth'

2022-02-08 13:21:43 - [MESSAGE][PASSED] - Text 'Clarkson' is set on object 'Object Repository/Page_Tie Book Search/input_NorthSouth Street Name_northsouth'

2022-02-08 13:21:43 - [TEST_STEP][PASSED] - click(findTestObject("Object Repository/Page_Tie Book Search/button_Search")): Object: 'Object Repository/Page_Tie Book Search/button_Search' is clicked on

2022-02-08 13:21:44 - [MESSAGE][PASSED] - Object: 'Object Repository/Page_Tie Book Search/button_Search' is clicked on]]></system-out>
         <system-err><![CDATA[]]></system-err>
      </testcase>
      <testcase name="Test Cases/Traffic Cams" time="14.047" classname="Test Cases/Traffic Cams" status="PASSED">
         <system-out><![CDATA[2022-02-08 13:21:44 - [TEST_CASE][PASSED] - Test Cases/Traffic Cams: Test Cases/Traffic Cams

2022-02-08 13:21:45 - [TEST_STEP][PASSED] - navigateToUrl("https://www.denvergov.org/Maps/map/trafficcameras"): Navigate to 'https://www.denvergov.org/Maps/map/trafficcameras' successfully

2022-02-08 13:21:45 - [MESSAGE][PASSED] - Navigate to 'https://www.denvergov.org/Maps/map/trafficcameras' successfully

2022-02-08 13:21:45 - [TEST_STEP][PASSED] - setText(findTestObject("Object Repository/Page_Denver Maps - Traffic Conditions/input_Traffic Conditions_textbox"), "2544 Champa Street"): Text '2544 Champa Street' is set on object 'Object Repository/Page_Denver Maps - Traffic Conditions/input_Traffic Conditions_textbox'

2022-02-08 13:21:48 - [MESSAGE][PASSED] - Text '2544 Champa Street' is set on object 'Object Repository/Page_Denver Maps - Traffic Conditions/input_Traffic Conditions_textbox'

2022-02-08 13:21:48 - [TEST_STEP][PASSED] - click(findTestObject("Object Repository/Page_Denver Maps - Traffic Conditions/input_Traffic Conditions_searchButton")): Object: 'Object Repository/Page_Denver Maps - Traffic Conditions/input_Traffic Conditions_searchButton' is clicked on

2022-02-08 13:21:48 - [MESSAGE][PASSED] - Object: 'Object Repository/Page_Denver Maps - Traffic Conditions/input_Traffic Conditions_searchButton' is clicked on

2022-02-08 13:21:48 - [TEST_STEP][PASSED] - delay(10): Delayed 10 second(s)

2022-02-08 13:21:58 - [MESSAGE][PASSED] - Delayed 10 second(s)]]></system-out>
         <system-err><![CDATA[]]></system-err>
      </testcase>
      <testcase name="Test Cases/Voter List" time="4.496" classname="Test Cases/Voter List" status="PASSED">
         <system-out><![CDATA[2022-02-08 13:21:58 - [TEST_CASE][PASSED] - Test Cases/Voter List: Test Cases/Voter List

2022-02-08 13:21:59 - [TEST_STEP][PASSED] - navigateToUrl("https://www.denvergov.org/content/denvergov/en/denver-elections-divison/campaign-information/voter-data/voter-list-downloads.html"): Navigate to 'https://www.denvergov.org/content/denvergov/en/denver-elections-divison/campaign-information/voter-data/voter-list-downloads.html' successfully

2022-02-08 13:22:01 - [MESSAGE][PASSED] - Navigate to 'https://www.denvergov.org/content/denvergov/en/denver-elections-divison/campaign-information/voter-data/voter-list-downloads.html' successfully

2022-02-08 13:22:01 - [TEST_STEP][PASSED] - switchToWindowTitle("Denver Elections Division | Voter Data | Voter List Downloads"): Switched to window with title: 'Denver Elections Division | Voter Data | Voter List Downloads'

2022-02-08 13:22:01 - [MESSAGE][PASSED] - Switched to window with title: 'Denver Elections Division | Voter Data | Voter List Downloads'

2022-02-08 13:22:01 - [TEST_STEP][PASSED] - click(findTestObject("Object Repository/Page_Denver Elections Division  Voter Data _ab3a85/a_VoterDataCumulative_11-24-2021-1PM.zip")): Object: 'Object Repository/Page_Denver Elections Division  Voter Data _ab3a85/a_VoterDataCumulative_11-24-2021-1PM.zip' is clicked on

2022-02-08 13:22:02 - [MESSAGE][PASSED] - Object: 'Object Repository/Page_Denver Elections Division  Voter Data _ab3a85/a_VoterDataCumulative_11-24-2021-1PM.zip' is clicked on

2022-02-08 13:22:02 - [TEST_STEP][PASSED] - switchToWindowTitle("Denver Elections Division | Voter Data | Voter List Downloads"): Switched to window with title: 'Denver Elections Division | Voter Data | Voter List Downloads'

2022-02-08 13:22:02 - [MESSAGE][PASSED] - Switched to window with title: 'Denver Elections Division | Voter Data | Voter List Downloads'

2022-02-08 13:22:02 - [TEST_STEP][PASSED] - click(findTestObject("Object Repository/Page_Denver Elections Division  Voter Data _ab3a85/a_README.txt")): Object: 'Object Repository/Page_Denver Elections Division  Voter Data _ab3a85/a_README.txt' is clicked on

2022-02-08 13:22:03 - [MESSAGE][PASSED] - Object: 'Object Repository/Page_Denver Elections Division  Voter Data _ab3a85/a_README.txt' is clicked on]]></system-out>
         <system-err><![CDATA[]]></system-err>
      </testcase>
      <testcase name="Test Cases/Voter Registration" time="18.304" classname="Test Cases/Voter Registration" status="PASSED">
         <system-out><![CDATA[2022-02-08 13:22:03 - [TEST_CASE][PASSED] - Test Cases/Voter Registration: Test Cases/Voter Registration

2022-02-08 13:22:04 - [TEST_STEP][PASSED] - navigateToUrl("https://www.denvergov.org/Government/Agencies-Departments-Offices/Agencies-Departments-Offices-Directory/Office-of-the-Clerk-and-Recorder/Elections-Division"): Navigate to 'https://www.denvergov.org/Government/Agencies-Departments-Offices/Agencies-Departments-Offices-Directory/Office-of-the-Clerk-and-Recorder/Elections-Division' successfully

2022-02-08 13:22:06 - [MESSAGE][PASSED] - Navigate to 'https://www.denvergov.org/Government/Agencies-Departments-Offices/Agencies-Departments-Offices-Directory/Office-of-the-Clerk-and-Recorder/Elections-Division' successfully

2022-02-08 13:22:06 - [TEST_STEP][PASSED] - click(findTestObject("Object Repository/Page_Denver Elections Division - City and C_7d2d61/p_Get information on how to register, eligi_b0e42a")): Object: 'Object Repository/Page_Denver Elections Division - City and C_7d2d61/p_Get information on how to register, eligi_b0e42a' is clicked on

2022-02-08 13:22:09 - [MESSAGE][PASSED] - Object: 'Object Repository/Page_Denver Elections Division - City and C_7d2d61/p_Get information on how to register, eligi_b0e42a' is clicked on

2022-02-08 13:22:09 - [TEST_STEP][PASSED] - delay(10): Delayed 10 second(s)

2022-02-08 13:22:19 - [MESSAGE][PASSED] - Delayed 10 second(s)

2022-02-08 13:22:19 - [TEST_STEP][PASSED] - click(findTestObject("Object Repository/Page_Register to Vote - City and County of Denver/a_Voter Registration Form")): Object: 'Object Repository/Page_Register to Vote - City and County of Denver/a_Voter Registration Form' is clicked on

2022-02-08 13:22:21 - [MESSAGE][PASSED] - Object: 'Object Repository/Page_Register to Vote - City and County of Denver/a_Voter Registration Form' is clicked on]]></system-out>
         <system-err><![CDATA[]]></system-err>
      </testcase>
      <testcase name="Test Cases/Waitlist Excise and License" time="6.995" classname="Test Cases/Waitlist Excise and License" status="PASSED">
         <system-out><![CDATA[2022-02-08 13:22:21 - [TEST_CASE][PASSED] - Test Cases/Waitlist Excise and License: Test Cases/Waitlist Excise and License

2022-02-08 13:22:22 - [TEST_STEP][PASSED] - navigateToUrl("https://www.denvergov.org/Government/Agencies-Departments-Offices/Agencies-Departments-Offices-Directory/Business-Licensing"): Navigate to 'https://www.denvergov.org/Government/Agencies-Departments-Offices/Agencies-Departments-Offices-Directory/Business-Licensing' successfully

2022-02-08 13:22:23 - [MESSAGE][PASSED] - Navigate to 'https://www.denvergov.org/Government/Agencies-Departments-Offices/Agencies-Departments-Offices-Directory/Business-Licensing' successfully

2022-02-08 13:22:23 - [TEST_STEP][PASSED] - click(findTestObject("Object Repository/Page_Business Licensing Center - City and C_eada31/strong_email application process page")): Object: 'Object Repository/Page_Business Licensing Center - City and C_eada31/strong_email application process page' is clicked on

2022-02-08 13:22:27 - [MESSAGE][PASSED] - Object: 'Object Repository/Page_Business Licensing Center - City and C_eada31/strong_email application process page' is clicked on

2022-02-08 13:22:27 - [TEST_STEP][PASSED] - closeBrowser(): Browser is closed

2022-02-08 13:22:28 - [MESSAGE][PASSED] - Browser is closed]]></system-out>
         <system-err><![CDATA[]]></system-err>
      </testcase>
      <system-out><![CDATA[2022-02-08 13:13:58 - [TEST_SUITE][PASSED] - denvergov.org_01: Test Cases/Waitlist Excise and License]]></system-out>
      <system-err><![CDATA[]]></system-err>
   </testsuite>
</testsuites>
